<?xml version="1.0" encoding="UTF-8"?>
<!-- Generated by org.testng.reporters.JUnitReportReporter -->
<testsuite skipped="0" hostname="rohit-laptop" name="demo.DataProviderTest" tests="2" failures="0" timestamp="31 Jan 2019 03:10:13 GMT" time="0.027" errors="0">
  <testcase name="test" time="0.020" classname="demo.DataProviderTest"/>
  <testcase name="test" time="0.007" classname="demo.DataProviderTest"/>
</testsuite> <!-- demo.DataProviderTest -->
